<component name="libraryTable">
  <library name="junit-jupiter-api-5.9.1">
    <CLASSES>
      <root url="jar://$PROJECT_DIR$/unit-tests-5 (Код семинара)/libs/junit-jupiter-api-5.9.1.jar!/" />
    </CLASSES>
    <JAVADOC />
    <SOURCES />
  </library>
</component>